TN:
SF:src/AdapterRationalComplex.ts
FN:16,AdapterRationalComplex
FNF:1
FNH:1
FNDA:17,AdapterRationalComplex
DA:1,1
DA:2,1
DA:3,1
DA:4,1
DA:5,1
DA:6,1
DA:7,1
DA:8,1
DA:9,1
DA:10,1
DA:11,1
DA:12,1
DA:13,1
DA:14,1
DA:15,1
DA:16,1
DA:17,17
DA:18,17
DA:19,1
LF:19
LH:19
BRDA:16,0,0,17
BRF:1
BRH:1
end_of_record
TN:
SF:src/ArithmeticableCollection.ts
FN:15,<instance_members_initializer>
FN:17,ArithmeticableCollection
FN:24,addArithmeticable
FN:32,getArithmeticable
FN:42,getNumberOfArithmeticables
FNF:5
FNH:5
FNDA:6,<instance_members_initializer>
FNDA:6,ArithmeticableCollection
FNDA:2,addArithmeticable
FNDA:6,getArithmeticable
FNDA:4,getNumberOfArithmeticables
DA:1,1
DA:2,1
DA:3,1
DA:4,1
DA:5,1
DA:6,1
DA:7,1
DA:8,1
DA:9,1
DA:10,1
DA:11,1
DA:12,1
DA:13,1
DA:14,1
DA:15,1
DA:16,6
DA:17,6
DA:18,6
DA:19,6
DA:20,6
DA:21,6
DA:22,6
DA:23,6
DA:24,6
DA:25,2
DA:26,2
DA:27,6
DA:28,6
DA:29,6
DA:30,6
DA:31,6
DA:32,6
DA:33,6
DA:34,2
DA:35,2
DA:36,4
DA:37,4
DA:38,6
DA:39,6
DA:40,6
DA:41,6
DA:42,6
DA:43,4
DA:44,4
DA:45,6
DA:46,6
LF:46
LH:46
BRDA:15,0,0,6
BRDA:17,1,0,6
BRDA:24,2,0,2
BRDA:32,3,0,6
BRDA:33,4,0,5
BRDA:33,5,0,2
BRDA:36,6,0,4
BRDA:42,7,0,4
BRF:8
BRH:8
end_of_record
TN:
SF:src/Complex.ts
FN:15,<instance_members_initializer>
FN:24,Complex
FN:33,add
FN:41,substract
FN:50,multiply
FN:63,divide
FN:72,opposite
FN:79,get realPart
FN:86,get imaginaryPart
FNF:9
FNH:9
FNDA:91,<instance_members_initializer>
FNDA:91,Complex
FNDA:5,add
FNDA:5,substract
FNDA:15,multiply
FNDA:5,divide
FNDA:10,opposite
FNDA:72,get realPart
FNDA:67,get imaginaryPart
DA:1,1
DA:2,1
DA:3,1
DA:4,1
DA:5,1
DA:6,1
DA:7,1
DA:8,1
DA:9,1
DA:10,1
DA:11,1
DA:12,1
DA:13,1
DA:14,1
DA:15,1
DA:16,91
DA:17,91
DA:18,91
DA:19,91
DA:20,91
DA:21,91
DA:22,91
DA:23,91
DA:24,91
DA:25,91
DA:26,91
DA:27,91
DA:28,91
DA:29,91
DA:30,91
DA:31,91
DA:32,91
DA:33,91
DA:34,5
DA:35,5
DA:36,91
DA:37,91
DA:38,91
DA:39,91
DA:40,91
DA:41,91
DA:42,5
DA:43,5
DA:44,91
DA:45,91
DA:46,91
DA:47,91
DA:48,91
DA:49,91
DA:50,91
DA:51,15
DA:52,15
DA:53,15
DA:54,15
DA:55,15
DA:56,15
DA:57,91
DA:58,91
DA:59,91
DA:60,91
DA:61,91
DA:62,91
DA:63,91
DA:64,5
DA:65,5
DA:66,5
DA:67,5
DA:68,91
DA:69,91
DA:70,91
DA:71,91
DA:72,91
DA:73,10
DA:74,10
DA:75,91
DA:76,91
DA:77,91
DA:78,91
DA:79,91
DA:80,72
DA:81,72
DA:82,91
DA:83,91
DA:84,91
DA:85,91
DA:86,91
DA:87,67
DA:88,67
DA:89,91
LF:89
LH:89
BRDA:15,0,0,91
BRDA:24,1,0,91
BRDA:33,2,0,5
BRDA:41,3,0,5
BRDA:50,4,0,15
BRDA:63,5,0,5
BRDA:66,6,0,0
BRDA:72,7,0,10
BRDA:79,8,0,72
BRDA:86,9,0,67
BRF:10
BRH:9
end_of_record
TN:
SF:src/Rational.ts
FN:12,<instance_members_initializer>
FN:21,Rational
FN:32,mcd
FN:62,validRationalNumber
FN:73,add
FN:82,substract
FN:91,multiply
FN:100,divide
FN:108,abs
FN:115,inv
FN:122,get bottom
FN:129,get top
FNF:12
FNH:11
FNDA:45,<instance_members_initializer>
FNDA:45,Rational
FNDA:45,mcd
FNDA:0,validRationalNumber
FNDA:2,add
FNDA:1,substract
FNDA:2,multiply
FNDA:1,divide
FNDA:1,abs
FNDA:1,inv
FNDA:32,get bottom
FNDA:30,get top
DA:1,1
DA:2,1
DA:3,1
DA:4,1
DA:5,1
DA:6,1
DA:7,1
DA:8,1
DA:9,1
DA:10,1
DA:11,1
DA:12,1
DA:13,45
DA:14,45
DA:15,45
DA:16,45
DA:17,45
DA:18,45
DA:19,45
DA:20,45
DA:21,45
DA:22,45
DA:23,0
DA:24,0
DA:25,45
DA:26,45
DA:27,45
DA:28,45
DA:29,45
DA:30,45
DA:31,45
DA:32,45
DA:33,45
DA:34,45
DA:35,45
DA:36,45
DA:37,6
DA:38,6
DA:39,45
DA:40,45
DA:41,45
DA:42,95
DA:43,95
DA:44,95
DA:45,95
DA:46,45
DA:47,45
DA:48,6
DA:49,45
DA:50,45
DA:51,45
DA:52,45
DA:53,45
DA:54,45
DA:55,45
DA:56,45
DA:57,45
DA:58,45
DA:59,45
DA:60,45
DA:61,45
DA:62,45
DA:63,0
DA:64,0
DA:65,45
DA:66,45
DA:67,45
DA:68,45
DA:69,45
DA:70,45
DA:71,45
DA:72,45
DA:73,45
DA:74,2
DA:75,2
DA:76,45
DA:77,45
DA:78,45
DA:79,45
DA:80,45
DA:81,45
DA:82,45
DA:83,1
DA:84,1
DA:85,45
DA:86,45
DA:87,45
DA:88,45
DA:89,45
DA:90,45
DA:91,45
DA:92,2
DA:93,45
DA:94,45
DA:95,45
DA:96,45
DA:97,45
DA:98,45
DA:99,45
DA:100,45
DA:101,1
DA:102,1
DA:103,45
DA:104,45
DA:105,45
DA:106,45
DA:107,45
DA:108,45
DA:109,1
DA:110,1
DA:111,45
DA:112,45
DA:113,45
DA:114,45
DA:115,45
DA:116,1
DA:117,1
DA:118,45
DA:119,45
DA:120,45
DA:121,45
DA:122,45
DA:123,32
DA:124,32
DA:125,45
DA:126,45
DA:127,45
DA:128,45
DA:129,45
DA:130,30
DA:131,30
DA:132,45
LF:132
LH:128
BRDA:12,0,0,45
BRDA:21,1,0,45
BRDA:22,2,0,0
BRDA:32,3,0,45
BRDA:36,4,0,7
BRDA:36,5,0,40
BRDA:36,6,0,3
BRDA:36,7,0,6
BRDA:41,8,0,95
BRDA:47,9,0,6
BRDA:73,10,0,2
BRDA:82,11,0,1
BRDA:91,12,0,2
BRDA:100,13,0,1
BRDA:108,14,0,1
BRDA:115,15,0,1
BRDA:122,16,0,32
BRDA:129,17,0,30
BRF:18
BRH:17
end_of_record
